<?xml version="1.0" encoding="UTF-8"?>
<testsuite name="com.monotonic.collections._3_lists.before.ShipmentTest" tests="4" skipped="0" failures="0" errors="0" timestamp="2020-06-17T14:46:10" hostname="KINNERJ18" time="0.027">
  <properties/>
  <testcase name="shouldNotReplaceMissingItems" classname="com.monotonic.collections._3_lists.before.ShipmentTest" time="0.021"/>
  <testcase name="shouldReplaceItems" classname="com.monotonic.collections._3_lists.before.ShipmentTest" time="0.001"/>
  <testcase name="shouldIdentifyVanRequirements" classname="com.monotonic.collections._3_lists.before.ShipmentTest" time="0.001"/>
  <testcase name="shouldAddItems" classname="com.monotonic.collections._3_lists.before.ShipmentTest" time="0.001"/>
  <system-out><![CDATA[]]></system-out>
  <system-err><![CDATA[]]></system-err>
</testsuite>
